/*C2*/SET SCHEMA PUBLIC
DISCONNECT
/*C3*/SET SCHEMA PUBLIC
create table user (id bigint generated by default as identity (start with 1), first_name varchar(255), last_name varchar(255), middle_name varchar(255), primary key (id))
INSERT INTO USER VALUES(1,'name',NULL,NULL)
COMMIT
DISCONNECT
/*C4*/SET SCHEMA PUBLIC
INSERT INTO USER VALUES(2,'name',NULL,NULL)
DELETE FROM USER WHERE ID=2
INSERT INTO USER VALUES(2,'name','last',NULL)
COMMIT
DISCONNECT
/*C5*/SET SCHEMA PUBLIC
DISCONNECT
/*C6*/SET SCHEMA PUBLIC
DISCONNECT
/*C7*/SET SCHEMA PUBLIC
DISCONNECT
/*C8*/SET SCHEMA PUBLIC
INSERT INTO USER VALUES(3,'name',NULL,NULL)
DELETE FROM USER WHERE ID=3
INSERT INTO USER VALUES(3,'name','last',NULL)
COMMIT
DISCONNECT
/*C9*/SET SCHEMA PUBLIC
INSERT INTO USER VALUES(4,'name','last',NULL)
COMMIT
DISCONNECT
/*C10*/SET SCHEMA PUBLIC
DISCONNECT
